Using pre-set license
Built from 'HEAD' branch; Version is '2020.3.43f1c1 (525e3bb6a170) revision 5398075'; Using compiler version '192528614'; Build Type 'Release'
OS: 'Windows 10  (10.0.19044) 64bit Professional' Language: 'zh' Physical Memory: 16271 MB
BatchMode: 1, IsHumanControllingUs: 0, StartBugReporterOnCrash: 0, Is64bit: 1, IsPro: 0

COMMAND LINE ARGUMENTS:
C:\Program Files\Unity\Hub\Editor\2020.3.43f1c1\Editor\Unity.exe
-adb2
-batchMode
-noUpm
-name
AssetImportWorker0
-projectPath
D:/Git/Malice
-logFile
Logs/AssetImportWorker0.log
-srvPort
19453
Successfully changed project path to: D:/Git/Malice
D:/Git/Malice
Using Asset Import Pipeline V2.
AS: AutoStreaming module initializing.Refreshing native plugins compatible for Editor in 252.52 ms, found 3 plugins.
Preloading 0 native plugins for Editor in 0.00 ms.
Initialize engine version: 2020.3.43f1c1 (525e3bb6a170)
[Subsystems] Discovering subsystems at path C:/Program Files/Unity/Hub/Editor/2020.3.43f1c1/Editor/Data/Resources/UnitySubsystems
[Subsystems] Discovering subsystems at path D:/Git/Malice/Assets
GfxDevice: creating device client; threaded=0
Direct3D:
    Version:  Direct3D 11.0 [level 11.0]
    Renderer: NVIDIA GeForce GTX 960M (ID=0x139b)
    Vendor:   
    VRAM:     4054 MB
    Driver:   31.0.15.2824
Initialize mono
Mono path[0] = 'C:/Program Files/Unity/Hub/Editor/2020.3.43f1c1/Editor/Data/Managed'
Mono path[1] = 'C:/Program Files/Unity/Hub/Editor/2020.3.43f1c1/Editor/Data/MonoBleedingEdge/lib/mono/unityjit'
Mono config path = 'C:/Program Files/Unity/Hub/Editor/2020.3.43f1c1/Editor/Data/MonoBleedingEdge/etc'
Using monoOptions --debugger-agent=transport=dt_socket,embedding=1,server=y,suspend=n,address=127.0.0.1:56664
Begin MonoManager ReloadAssembly
Registering precompiled unity dll's ...
Register platform support module: C:/Program Files/Unity/Hub/Editor/2020.3.43f1c1/Editor/Data/PlaybackEngines/WebGLSupport/UnityEditor.WebGL.Extensions.dll
Register platform support module: C:/Program Files/Unity/Hub/Editor/2020.3.43f1c1/Editor/Data/PlaybackEngines/MacStandaloneSupport/UnityEditor.OSXStandalone.Extensions.dll
Register platform support module: C:/Program Files/Unity/Hub/Editor/2020.3.43f1c1/Editor/Data/PlaybackEngines/WindowsStandaloneSupport/UnityEditor.WindowsStandalone.Extensions.dll
Register platform support module: C:/Program Files/Unity/Hub/Editor/2020.3.43f1c1/Editor/Data/PlaybackEngines/LinuxStandaloneSupport/UnityEditor.LinuxStandalone.Extensions.dll
Registered in 0.022478 seconds.
Native extension for LinuxStandalone target not found
Native extension for WindowsStandalone target not found
Native extension for OSXStandalone target not found
Native extension for WebGL target not found
Refreshing native plugins compatible for Editor in 251.10 ms, found 3 plugins.
Preloading 0 native plugins for Editor in 0.00 ms.
Mono: successfully reloaded assembly
- Completed reload, in  2.213 seconds
Domain Reload Profiling:
	ReloadAssembly (2213ms)
		BeginReloadAssembly (306ms)
			ExecutionOrderSort (0ms)
			DisableScriptedObjects (0ms)
			BackupInstance (0ms)
			ReleaseScriptingObjects (0ms)
			CreateAndSetChildDomain (3ms)
		EndReloadAssembly (1615ms)
			LoadAssemblies (293ms)
			RebuildTransferFunctionScriptingTraits (0ms)
			SetupTypeCache (508ms)
			ReleaseScriptCaches (0ms)
			RebuildScriptCaches (91ms)
			SetupLoadedEditorAssemblies (677ms)
				LogAssemblyErrors (0ms)
				InitializePlatformSupportModulesInManaged (32ms)
				SetLoadedEditorAssemblies (1ms)
				RefreshPlugins (251ms)
				BeforeProcessingInitializeOnLoad (49ms)
				ProcessInitializeOnLoadAttributes (260ms)
				ProcessInitializeOnLoadMethodAttributes (83ms)
				AfterProcessingInitializeOnLoad (0ms)
				EditorAssembliesLoaded (1ms)
			ExecutionOrderSort2 (0ms)
			AwakeInstancesAfterBackupRestoration (0ms)
Platform modules already initialized, skipping
Registering precompiled user dll's ...
Registered in 0.036422 seconds.
Begin MonoManager ReloadAssembly
Native extension for LinuxStandalone target not found
Native extension for WindowsStandalone target not found
Native extension for OSXStandalone target not found
Native extension for WebGL target not found
Refreshing native plugins compatible for Editor in 265.10 ms, found 3 plugins.
Preloading 0 native plugins for Editor in 0.00 ms.
Mono: successfully reloaded assembly
- Completed reload, in  4.825 seconds
Domain Reload Profiling:
	ReloadAssembly (4828ms)
		BeginReloadAssembly (679ms)
			ExecutionOrderSort (0ms)
			DisableScriptedObjects (19ms)
			BackupInstance (0ms)
			ReleaseScriptingObjects (0ms)
			CreateAndSetChildDomain (62ms)
		EndReloadAssembly (3820ms)
			LoadAssemblies (485ms)
			RebuildTransferFunctionScriptingTraits (0ms)
			SetupTypeCache (1290ms)
			ReleaseScriptCaches (2ms)
			RebuildScriptCaches (172ms)
			SetupLoadedEditorAssemblies (1616ms)
				LogAssemblyErrors (0ms)
				InitializePlatformSupportModulesInManaged (26ms)
				SetLoadedEditorAssemblies (1ms)
				RefreshPlugins (265ms)
				BeforeProcessingInitializeOnLoad (451ms)
				ProcessInitializeOnLoadAttributes (712ms)
				ProcessInitializeOnLoadMethodAttributes (103ms)
				AfterProcessingInitializeOnLoad (56ms)
				EditorAssembliesLoaded (1ms)
			ExecutionOrderSort2 (0ms)
			AwakeInstancesAfterBackupRestoration (8ms)
Platform modules already initialized, skipping
========================================================================
Worker process is ready to serve import requests
Launched and connected shader compiler UnityShaderCompiler.exe after 0.14 seconds
Refreshing native plugins compatible for Editor in 1.70 ms, found 3 plugins.
Preloading 0 native plugins for Editor in 0.00 ms.
Unloading 4086 Unused Serialized files (Serialized files now loaded: 0)
System memory in use before: 184.7 MB.
System memory in use after: 185.0 MB.

Unloading 37 unused Assets to reduce memory usage. Loaded Objects now: 4517.
Total: 10.890700 ms (FindLiveObjects: 1.105000 ms CreateObjectMapping: 0.968400 ms MarkObjects: 8.606600 ms  DeleteObjects: 0.208500 ms)

AssetImportParameters requested are different than current active one (requested -> active):
  custom:framework-win-MediaFoundation: 216162199b28c13a410421893ffa2e32 -> 
  custom:video-decoder-ogg-theora: a1e56fd34408186e4bbccfd4996cb3dc -> 
  custom:container-muxer-webm: aa71ff27fc2769a1b78a27578f13a17b -> 
  custom:container-demuxer-webm: 4f35f7cbe854078d1ac9338744f61a02 -> 
  custom:container-demuxer-ogg: 62fdf1f143b41e24485cea50d1cbac27 -> 
  custom:video-encoder-webm-vp8: eb34c28f22e8b96e1ab97ce403110664 -> 
  custom:video-decoder-webm-vp8: 9c59270c3fd7afecdb556c50c9e8de78 -> 
  custom:audio-decoder-ogg-vorbis: bf7c407c2cedff20999df2af8eb42d56 -> 
  custom:audio-encoder-webm-vorbis: bf7c407c2cedff20999df2af8eb42d56 -> 
========================================================================
Received Import Request.
  path: Assets/prefabs/levels/2.prefab
  artifactKey: Guid(71352dca6f1e9d040ab419f7dae98d59) Importer(815301076,1909f56bfc062723c751e8b465ee728b)
Start importing Assets/prefabs/levels/2.prefab using Guid(71352dca6f1e9d040ab419f7dae98d59) Importer(815301076,1909f56bfc062723c751e8b465ee728b)  -> (artifact id: '8956a736e5921389565e0fde24dc40a5') in 0.898493 seconds 
========================================================================
Received Import Request.
  Time since last request: 0.000655 seconds.
  path: Assets/prefabs/levels/-1.prefab
  artifactKey: Guid(6d8dd6b91f8dfaa4db677202edd93ce2) Importer(815301076,1909f56bfc062723c751e8b465ee728b)
Start importing Assets/prefabs/levels/-1.prefab using Guid(6d8dd6b91f8dfaa4db677202edd93ce2) Importer(815301076,1909f56bfc062723c751e8b465ee728b)  -> (artifact id: '2536c732f1d95e4484c8aabed6090113') in 0.074870 seconds 
========================================================================
Received Import Request.
  Time since last request: 0.000866 seconds.
  path: Assets/prefabs/levels/0.prefab
  artifactKey: Guid(80e33e5200b286b4eb7254d093fb7dfa) Importer(815301076,1909f56bfc062723c751e8b465ee728b)
Start importing Assets/prefabs/levels/0.prefab using Guid(80e33e5200b286b4eb7254d093fb7dfa) Importer(815301076,1909f56bfc062723c751e8b465ee728b)  -> (artifact id: '33b3273a3a3b9fe45439e532388a6b01') in 0.192344 seconds 
========================================================================
Received Import Request.
  Time since last request: 0.000840 seconds.
  path: Assets/prefabs/levels/1.prefab
  artifactKey: Guid(e2964cdf602a0ea4e8db8fa73b0d42c1) Importer(815301076,1909f56bfc062723c751e8b465ee728b)
Start importing Assets/prefabs/levels/1.prefab using Guid(e2964cdf602a0ea4e8db8fa73b0d42c1) Importer(815301076,1909f56bfc062723c751e8b465ee728b)  -> (artifact id: '030cab110cff7d238623d1c590a44627') in 0.205815 seconds 
========================================================================
Received Import Request.
  Time since last request: 0.000799 seconds.
  path: Assets/prefabs/levels/3.prefab
  artifactKey: Guid(e3b043dd986f00645bc3893a3baac255) Importer(815301076,1909f56bfc062723c751e8b465ee728b)
Start importing Assets/prefabs/levels/3.prefab using Guid(e3b043dd986f00645bc3893a3baac255) Importer(815301076,1909f56bfc062723c751e8b465ee728b)  -> (artifact id: '68efa0a15813c45d66a7100b1abe3d0b') in 0.237006 seconds 
========================================================================
Received Import Request.
  Time since last request: 70.565467 seconds.
  path: Assets/prefabs/levels/2.prefab
  artifactKey: Guid(71352dca6f1e9d040ab419f7dae98d59) Importer(815301076,1909f56bfc062723c751e8b465ee728b)
Start importing Assets/prefabs/levels/2.prefab using Guid(71352dca6f1e9d040ab419f7dae98d59) Importer(815301076,1909f56bfc062723c751e8b465ee728b)  -> (artifact id: 'da875d822122e761a89a4bb2f6fa3efa') in 0.237499 seconds 
========================================================================
Received Import Request.
  Time since last request: 18.943607 seconds.
  path: Assets/prefabs/levels/3.prefab
  artifactKey: Guid(e3b043dd986f00645bc3893a3baac255) Importer(815301076,1909f56bfc062723c751e8b465ee728b)
Start importing Assets/prefabs/levels/3.prefab using Guid(e3b043dd986f00645bc3893a3baac255) Importer(815301076,1909f56bfc062723c751e8b465ee728b)  -> (artifact id: '50b3db91dc7e253b0347407a267053a7') in 0.229026 seconds 
========================================================================
Received Prepare
Registering precompiled user dll's ...
Registered in 0.028293 seconds.
Begin MonoManager ReloadAssembly
Native extension for LinuxStandalone target not found
Native extension for WindowsStandalone target not found
Native extension for OSXStandalone target not found
Native extension for WebGL target not found
Refreshing native plugins compatible for Editor in 6.28 ms, found 3 plugins.
Preloading 0 native plugins for Editor in 0.00 ms.
Mono: successfully reloaded assembly
- Completed reload, in 17.629 seconds
Domain Reload Profiling:
	ReloadAssembly (17631ms)
		BeginReloadAssembly (802ms)
			ExecutionOrderSort (0ms)
			DisableScriptedObjects (41ms)
			BackupInstance (0ms)
			ReleaseScriptingObjects (0ms)
			CreateAndSetChildDomain (215ms)
		EndReloadAssembly (16447ms)
			LoadAssemblies (575ms)
			RebuildTransferFunctionScriptingTraits (0ms)
			SetupTypeCache (2330ms)
			ReleaseScriptCaches (6ms)
			RebuildScriptCaches (1004ms)
			SetupLoadedEditorAssemblies (2442ms)
				LogAssemblyErrors (0ms)
				InitializePlatformSupportModulesInManaged (56ms)
				SetLoadedEditorAssemblies (4ms)
				RefreshPlugins (7ms)
				BeforeProcessingInitializeOnLoad (1368ms)
				ProcessInitializeOnLoadAttributes (843ms)
				ProcessInitializeOnLoadMethodAttributes (95ms)
				AfterProcessingInitializeOnLoad (69ms)
				EditorAssembliesLoaded (1ms)
			ExecutionOrderSort2 (0ms)
			AwakeInstancesAfterBackupRestoration (71ms)
Platform modules already initialized, skipping
Refreshing native plugins compatible for Editor in 3.17 ms, found 3 plugins.
Preloading 0 native plugins for Editor in 0.00 ms.
Unloading 3931 Unused Serialized files (Serialized files now loaded: 0)
System memory in use before: 179.9 MB.
System memory in use after: 180.1 MB.

Unloading 27 unused Assets to reduce memory usage. Loaded Objects now: 4567.
Total: 13.198100 ms (FindLiveObjects: 0.924100 ms CreateObjectMapping: 0.830300 ms MarkObjects: 11.366500 ms  DeleteObjects: 0.074400 ms)

AssetImportParameters requested are different than current active one (requested -> active):
  custom:framework-win-MediaFoundation: 216162199b28c13a410421893ffa2e32 -> 
  custom:video-decoder-ogg-theora: a1e56fd34408186e4bbccfd4996cb3dc -> 
  custom:container-muxer-webm: aa71ff27fc2769a1b78a27578f13a17b -> 
  custom:container-demuxer-webm: 4f35f7cbe854078d1ac9338744f61a02 -> 
  custom:container-demuxer-ogg: 62fdf1f143b41e24485cea50d1cbac27 -> 
  custom:video-encoder-webm-vp8: eb34c28f22e8b96e1ab97ce403110664 -> 
  custom:video-decoder-webm-vp8: 9c59270c3fd7afecdb556c50c9e8de78 -> 
  custom:audio-decoder-ogg-vorbis: bf7c407c2cedff20999df2af8eb42d56 -> 
  custom:audio-encoder-webm-vorbis: bf7c407c2cedff20999df2af8eb42d56 -> 
========================================================================
Received Prepare
Refreshing native plugins compatible for Editor in 21.69 ms, found 3 plugins.
Preloading 0 native plugins for Editor in 0.00 ms.
Unloading 24 Unused Serialized files (Serialized files now loaded: 0)
System memory in use before: 102.4 MB.
System memory in use after: 102.7 MB.

Unloading 24 unused Assets to reduce memory usage. Loaded Objects now: 4567.
Total: 10.183200 ms (FindLiveObjects: 0.795600 ms CreateObjectMapping: 0.766700 ms MarkObjects: 8.569000 ms  DeleteObjects: 0.050000 ms)

AssetImportParameters requested are different than current active one (requested -> active):
  custom:framework-win-MediaFoundation: 216162199b28c13a410421893ffa2e32 -> 
  custom:video-decoder-ogg-theora: a1e56fd34408186e4bbccfd4996cb3dc -> 
  custom:container-muxer-webm: aa71ff27fc2769a1b78a27578f13a17b -> 
  custom:container-demuxer-webm: 4f35f7cbe854078d1ac9338744f61a02 -> 
  custom:container-demuxer-ogg: 62fdf1f143b41e24485cea50d1cbac27 -> 
  custom:video-encoder-webm-vp8: eb34c28f22e8b96e1ab97ce403110664 -> 
  custom:video-decoder-webm-vp8: 9c59270c3fd7afecdb556c50c9e8de78 -> 
  custom:audio-decoder-ogg-vorbis: bf7c407c2cedff20999df2af8eb42d56 -> 
  custom:audio-encoder-webm-vorbis: bf7c407c2cedff20999df2af8eb42d56 -> 
========================================================================
Received Import Request.
  Time since last request: 159.324469 seconds.
  path: Assets/prefabs/Player.prefab
  artifactKey: Guid(199de51ce2ad4744bae676743572d72d) Importer(815301076,1909f56bfc062723c751e8b465ee728b)
Start importing Assets/prefabs/Player.prefab using Guid(199de51ce2ad4744bae676743572d72d) Importer(815301076,1909f56bfc062723c751e8b465ee728b)  -> (artifact id: '84ff3d735cb7c9b7403562cb663a40f1') in 0.536465 seconds 
AssetImportWorkerClient::OnTransportError - code=2 error=End of file
